<?xml version="1.0" encoding="UTF-8"?>
<!-- Generated by org.testng.reporters.JUnitReportReporter -->
<testsuite name="pages.LoginPage" tests="2" time="14.785" ignored="0" failures="0" timestamp="20 Jun 2017 05:35:36 GMT" skipped="0" hostname="DT-ARRCHNNA" errors="0">
  <testcase name="setData" time="7.479" classname="pages.LoginPage"/>
  <testcase name="setData" time="7.306" classname="pages.LoginPage"/>
</testsuite> <!-- pages.LoginPage -->
